Build started 8/10/2017 9:39:01 PM.
     1>Project "G:\1-2\SD lab\Color Switch MAT(absolute final version)\iGraphics\iGraphics\iGraphics.vcxproj" on node 2 (build target(s)).
     1>InitializeBuildStatus:
         Creating "Debug\iGraphics.unsuccessfulbuild" because "AlwaysCreate" was specified.
       ClCompile:
         C:\Program Files (x86)\Microsoft Visual Studio 10.0\VC\bin\CL.exe /c /ZI /nologo /W3 /WX- /Od /Oy- /D _MBCS /Gm /EHsc /RTC1 /MDd /GS /fp:precise /Zc:wchar_t /Zc:forScope /Fo"Debug\\" /Fd"Debug\vc100.pdb" /Gd /TP /analyze- /errorReport:prompt iMain.cpp
         iMain.cpp
     1>g:\1-2\sd lab\color switch mat(absolute final version)\igraphics\igraphics\functions.h(228): warning C4996: 'sprintf': This function or variable may be unsafe. Consider using sprintf_s instead. To disable deprecation, use _CRT_SECURE_NO_WARNINGS. See online help for details.
                 c:\program files (x86)\microsoft visual studio 10.0\vc\include\stdio.h(371) : see declaration of 'sprintf'
     1>g:\1-2\sd lab\color switch mat(absolute final version)\igraphics\igraphics\imain.cpp(321): warning C4554: '&' : check operator precedence for possible error; use parentheses to clarify precedence
     1>g:\1-2\sd lab\color switch mat(absolute final version)\igraphics\igraphics\imain.cpp(328): warning C4554: '&' : check operator precedence for possible error; use parentheses to clarify precedence
     1>g:\1-2\sd lab\color switch mat(absolute final version)\igraphics\igraphics\imain.cpp(340): warning C4554: '&' : check operator precedence for possible error; use parentheses to clarify precedence
       Link:
         C:\Program Files (x86)\Microsoft Visual Studio 10.0\VC\bin\link.exe /ERRORREPORT:PROMPT /OUT:"G:\1-2\SD lab\Color Switch MAT(absolute final version)\iGraphics\Debug\iGraphics.exe" /NOLOGO kernel32.lib user32.lib gdi32.lib winspool.lib comdlg32.lib advapi32.lib shell32.lib ole32.lib oleaut32.lib uuid.lib odbc32.lib odbccp32.lib /MANIFEST /ManifestFile:"Debug\iGraphics.exe.intermediate.manifest" /MANIFESTUAC:"level='asInvoker' uiAccess='false'" /DEBUG /PDB:"G:\1-2\SD lab\Color Switch MAT(absolute final version)\iGraphics\Debug\iGraphics.pdb" /TLBID:1 /DYNAMICBASE /NXCOMPAT /IMPLIB:"G:\1-2\SD lab\Color Switch MAT(absolute final version)\iGraphics\Debug\iGraphics.lib" /MACHINE:X86 Debug\iMain.obj
         LINK : G:\1-2\SD lab\Color Switch MAT(absolute final version)\iGraphics\Debug\iGraphics.exe not found or not built by the last incremental link; performing full link
         iGraphics.vcxproj -> G:\1-2\SD lab\Color Switch MAT(absolute final version)\iGraphics\Debug\iGraphics.exe
       Manifest:
         C:\Program Files (x86)\Microsoft SDKs\Windows\v7.0A\bin\mt.exe /nologo /verbose /outputresource:"G:\1-2\SD lab\Color Switch MAT(absolute final version)\iGraphics\Debug\iGraphics.exe;#1" /manifest Debug\iGraphics.exe.intermediate.manifest
       FinalizeBuildStatus:
         Deleting file "Debug\iGraphics.unsuccessfulbuild".
         Touching "Debug\iGraphics.lastbuildstate".
     1>Done Building Project "G:\1-2\SD lab\Color Switch MAT(absolute final version)\iGraphics\iGraphics\iGraphics.vcxproj" (build target(s)).

Build succeeded.

Time Elapsed 00:00:02.04
